{"/Users/thrashr888/Documents/GitHub/terraform-mcp-server/index.ts": {"path":"/Users/thrashr888/Documents/GitHub/terraform-mcp-server/index.ts","statementMap":{"0":{"start":{"line":75,"column":16},"end":{"line":75,"column":23}},"1":{"start":{"line":77,"column":22},"end":{"line":177,"column":2}},"2":{"start":{"line":179,"column":15},"end":{"line":181,"column":null}},"3":{"start":{"line":185,"column":0},"end":{"line":188,"column":3}},"4":{"start":{"line":186,"column":2},"end":{"line":186,"column":45}},"5":{"start":{"line":187,"column":2},"end":{"line":187,"column":19}},"6":{"start":{"line":191,"column":0},"end":{"line":514,"column":3}},"7":{"start":{"line":192,"column":19},"end":{"line":192,"column":38}},"8":{"start":{"line":193,"column":16},"end":{"line":193,"column":42}},"9":{"start":{"line":195,"column":2},"end":{"line":195,"column":99}},"10":{"start":{"line":197,"column":2},"end":{"line":513,"column":3}},"11":{"start":{"line":198,"column":4},"end":{"line":508,"column":5}},"12":{"start":{"line":201,"column":46},"end":{"line":201,"column":74}},"13":{"start":{"line":202,"column":26},"end":{"line":202,"column":48}},"14":{"start":{"line":203,"column":27},"end":{"line":203,"column":51}},"15":{"start":{"line":205,"column":8},"end":{"line":209,"column":9}},"16":{"start":{"line":206,"column":29},"end":{"line":206,"column":51}},"17":{"start":{"line":207,"column":10},"end":{"line":207,"column":28}},"18":{"start":{"line":208,"column":10},"end":{"line":208,"column":35}},"19":{"start":{"line":210,"column":8},"end":{"line":210,"column":71}},"20":{"start":{"line":210,"column":26},"end":{"line":210,"column":71}},"21":{"start":{"line":212,"column":20},"end":{"line":212,"column":95}},"22":{"start":{"line":213,"column":20},"end":{"line":213,"column":36}},"23":{"start":{"line":214,"column":8},"end":{"line":216,"column":9}},"24":{"start":{"line":215,"column":10},"end":{"line":215,"column":80}},"25":{"start":{"line":217,"column":21},"end":{"line":217,"column":37}},"26":{"start":{"line":218,"column":25},"end":{"line":218,"column":44}},"27":{"start":{"line":219,"column":8},"end":{"line":221,"column":9}},"28":{"start":{"line":220,"column":10},"end":{"line":220,"column":92}},"29":{"start":{"line":222,"column":33},"end":{"line":222,"column":62}},"30":{"start":{"line":223,"column":30},"end":{"line":223,"column":74}},"31":{"start":{"line":224,"column":30},"end":{"line":224,"column":45}},"32":{"start":{"line":225,"column":21},"end":{"line":225,"column":134}},"33":{"start":{"line":227,"column":8},"end":{"line":227,"column":60}},"34":{"start":{"line":228,"column":8},"end":{"line":228,"column":53}},"35":{"start":{"line":232,"column":45},"end":{"line":232,"column":72}},"36":{"start":{"line":233,"column":30},"end":{"line":233,"column":44}},"37":{"start":{"line":234,"column":29},"end":{"line":234,"column":51}},"38":{"start":{"line":235,"column":8},"end":{"line":237,"column":9}},"39":{"start":{"line":236,"column":10},"end":{"line":236,"column":75}},"40":{"start":{"line":239,"column":24},"end":{"line":239,"column":35}},"41":{"start":{"line":240,"column":27},"end":{"line":240,"column":40}},"42":{"start":{"line":241,"column":8},"end":{"line":245,"column":9}},"43":{"start":{"line":242,"column":26},"end":{"line":242,"column":50}},"44":{"start":{"line":243,"column":10},"end":{"line":243,"column":25}},"45":{"start":{"line":244,"column":10},"end":{"line":244,"column":33}},"46":{"start":{"line":246,"column":8},"end":{"line":248,"column":9}},"47":{"start":{"line":247,"column":10},"end":{"line":247,"column":53}},"48":{"start":{"line":250,"column":24},"end":{"line":250,"column":132}},"49":{"start":{"line":251,"column":21},"end":{"line":251,"column":41}},"50":{"start":{"line":252,"column":8},"end":{"line":254,"column":9}},"51":{"start":{"line":253,"column":10},"end":{"line":253,"column":89}},"52":{"start":{"line":255,"column":21},"end":{"line":255,"column":38}},"53":{"start":{"line":257,"column":27},"end":{"line":257,"column":29}},"54":{"start":{"line":258,"column":41},"end":{"line":258,"column":43}},"55":{"start":{"line":259,"column":29},"end":{"line":259,"column":60}},"56":{"start":{"line":260,"column":8},"end":{"line":268,"column":9}},"57":{"start":{"line":261,"column":28},"end":{"line":261,"column":62}},"58":{"start":{"line":262,"column":26},"end":{"line":262,"column":59}},"59":{"start":{"line":263,"column":10},"end":{"line":267,"column":11}},"60":{"start":{"line":264,"column":28},"end":{"line":264,"column":62}},"61":{"start":{"line":265,"column":12},"end":{"line":265,"column":58}},"62":{"start":{"line":266,"column":12},"end":{"line":266,"column":44}},"63":{"start":{"line":270,"column":8},"end":{"line":283,"column":9}},"64":{"start":{"line":271,"column":24},"end":{"line":271,"column":64}},"65":{"start":{"line":272,"column":24},"end":{"line":272,"column":41}},"66":{"start":{"line":274,"column":10},"end":{"line":281,"column":11}},"67":{"start":{"line":275,"column":24},"end":{"line":275,"column":32}},"68":{"start":{"line":276,"column":28},"end":{"line":276,"column":45}},"69":{"start":{"line":277,"column":12},"end":{"line":280,"column":13}},"70":{"start":{"line":278,"column":35},"end":{"line":278,"column":66}},"71":{"start":{"line":279,"column":14},"end":{"line":279,"column":38}},"72":{"start":{"line":282,"column":10},"end":{"line":282,"column":47}},"73":{"start":{"line":285,"column":8},"end":{"line":289,"column":9}},"74":{"start":{"line":286,"column":23},"end":{"line":286,"column":79}},"75":{"start":{"line":287,"column":10},"end":{"line":287,"column":61}},"76":{"start":{"line":288,"column":10},"end":{"line":288,"column":55}},"77":{"start":{"line":291,"column":27},"end":{"line":291,"column":119}},"78":{"start":{"line":292,"column":8},"end":{"line":296,"column":9}},"79":{"start":{"line":293,"column":10},"end":{"line":293,"column":78}},"80":{"start":{"line":295,"column":10},"end":{"line":295,"column":60}},"81":{"start":{"line":297,"column":8},"end":{"line":299,"column":10}},"82":{"start":{"line":300,"column":8},"end":{"line":300,"column":67}},"83":{"start":{"line":304,"column":45},"end":{"line":304,"column":80}},"84":{"start":{"line":305,"column":26},"end":{"line":305,"column":48}},"85":{"start":{"line":306,"column":8},"end":{"line":308,"column":9}},"86":{"start":{"line":307,"column":10},"end":{"line":307,"column":82}},"87":{"start":{"line":309,"column":31},"end":{"line":309,"column":45}},"88":{"start":{"line":310,"column":24},"end":{"line":312,"column":33}},"89":{"start":{"line":313,"column":8},"end":{"line":315,"column":9}},"90":{"start":{"line":314,"column":10},"end":{"line":314,"column":73}},"91":{"start":{"line":316,"column":20},"end":{"line":316,"column":42}},"92":{"start":{"line":317,"column":8},"end":{"line":319,"column":9}},"93":{"start":{"line":318,"column":10},"end":{"line":318,"column":51}},"94":{"start":{"line":320,"column":27},"end":{"line":320,"column":43}},"95":{"start":{"line":321,"column":24},"end":{"line":321,"column":48}},"96":{"start":{"line":322,"column":8},"end":{"line":326,"column":9}},"97":{"start":{"line":323,"column":23},"end":{"line":323,"column":61}},"98":{"start":{"line":324,"column":10},"end":{"line":324,"column":69}},"99":{"start":{"line":325,"column":10},"end":{"line":325,"column":55}},"100":{"start":{"line":327,"column":33},"end":{"line":327,"column":76}},"101":{"start":{"line":328,"column":8},"end":{"line":333,"column":11}},"102":{"start":{"line":329,"column":23},"end":{"line":329,"column":53}},"103":{"start":{"line":330,"column":23},"end":{"line":330,"column":35}},"104":{"start":{"line":331,"column":30},"end":{"line":331,"column":51}},"105":{"start":{"line":332,"column":10},"end":{"line":332,"column":85}},"106":{"start":{"line":334,"column":8},"end":{"line":334,"column":55}},"107":{"start":{"line":335,"column":8},"end":{"line":337,"column":10}},"108":{"start":{"line":338,"column":8},"end":{"line":338,"column":73}},"109":{"start":{"line":342,"column":40},"end":{"line":342,"column":70}},"110":{"start":{"line":343,"column":8},"end":{"line":345,"column":9}},"111":{"start":{"line":344,"column":10},"end":{"line":344,"column":71}},"112":{"start":{"line":347,"column":20},"end":{"line":347,"column":102}},"113":{"start":{"line":348,"column":25},"end":{"line":348,"column":41}},"114":{"start":{"line":349,"column":8},"end":{"line":351,"column":9}},"115":{"start":{"line":350,"column":10},"end":{"line":350,"column":101}},"116":{"start":{"line":353,"column":21},"end":{"line":353,"column":42}},"117":{"start":{"line":354,"column":28},"end":{"line":354,"column":51}},"118":{"start":{"line":355,"column":32},"end":{"line":355,"column":94}},"119":{"start":{"line":355,"column":61},"end":{"line":355,"column":77}},"120":{"start":{"line":357,"column":8},"end":{"line":359,"column":9}},"121":{"start":{"line":358,"column":10},"end":{"line":358,"column":89}},"122":{"start":{"line":361,"column":8},"end":{"line":361,"column":99}},"123":{"start":{"line":362,"column":8},"end":{"line":367,"column":10}},"124":{"start":{"line":371,"column":40},"end":{"line":371,"column":75}},"125":{"start":{"line":372,"column":8},"end":{"line":374,"column":9}},"126":{"start":{"line":373,"column":10},"end":{"line":373,"column":71}},"127":{"start":{"line":376,"column":20},"end":{"line":376,"column":97}},"128":{"start":{"line":377,"column":25},"end":{"line":377,"column":41}},"129":{"start":{"line":378,"column":8},"end":{"line":380,"column":9}},"130":{"start":{"line":379,"column":10},"end":{"line":379,"column":104}},"131":{"start":{"line":382,"column":27},"end":{"line":382,"column":48}},"132":{"start":{"line":383,"column":8},"end":{"line":383,"column":105}},"133":{"start":{"line":384,"column":8},"end":{"line":389,"column":10}},"134":{"start":{"line":393,"column":50},"end":{"line":393,"column":87}},"135":{"start":{"line":394,"column":8},"end":{"line":396,"column":9}},"136":{"start":{"line":395,"column":10},"end":{"line":395,"column":77}},"137":{"start":{"line":398,"column":20},"end":{"line":398,"column":111}},"138":{"start":{"line":399,"column":25},"end":{"line":399,"column":41}},"139":{"start":{"line":400,"column":8},"end":{"line":402,"column":9}},"140":{"start":{"line":401,"column":10},"end":{"line":401,"column":104}},"141":{"start":{"line":404,"column":31},"end":{"line":404,"column":70}},"142":{"start":{"line":405,"column":30},"end":{"line":405,"column":32}},"143":{"start":{"line":406,"column":22},"end":{"line":406,"column":60}},"144":{"start":{"line":408,"column":8},"end":{"line":416,"column":9}},"145":{"start":{"line":409,"column":28},"end":{"line":409,"column":51}},"146":{"start":{"line":410,"column":10},"end":{"line":415,"column":13}},"147":{"start":{"line":418,"column":8},"end":{"line":418,"column":110}},"148":{"start":{"line":419,"column":8},"end":{"line":424,"column":10}},"149":{"start":{"line":428,"column":48},"end":{"line":428,"column":75}},"150":{"start":{"line":429,"column":8},"end":{"line":431,"column":9}},"151":{"start":{"line":430,"column":10},"end":{"line":430,"column":75}},"152":{"start":{"line":433,"column":20},"end":{"line":433,"column":97}},"153":{"start":{"line":434,"column":25},"end":{"line":434,"column":41}},"154":{"start":{"line":435,"column":8},"end":{"line":437,"column":9}},"155":{"start":{"line":436,"column":10},"end":{"line":436,"column":103}},"156":{"start":{"line":439,"column":27},"end":{"line":439,"column":48}},"157":{"start":{"line":440,"column":25},"end":{"line":440,"column":50}},"158":{"start":{"line":441,"column":21},"end":{"line":441,"column":42}},"159":{"start":{"line":442,"column":23},"end":{"line":442,"column":40}},"160":{"start":{"line":443,"column":24},"end":{"line":443,"column":42}},"161":{"start":{"line":444,"column":29},"end":{"line":444,"column":52}},"162":{"start":{"line":446,"column":8},"end":{"line":446,"column":108}},"163":{"start":{"line":447,"column":8},"end":{"line":457,"column":10}},"164":{"start":{"line":461,"column":50},"end":{"line":461,"column":86}},"165":{"start":{"line":462,"column":8},"end":{"line":464,"column":9}},"166":{"start":{"line":463,"column":10},"end":{"line":463,"column":77}},"167":{"start":{"line":466,"column":20},"end":{"line":466,"column":111}},"168":{"start":{"line":467,"column":25},"end":{"line":467,"column":41}},"169":{"start":{"line":468,"column":8},"end":{"line":470,"column":9}},"170":{"start":{"line":469,"column":10},"end":{"line":469,"column":104}},"171":{"start":{"line":472,"column":23},"end":{"line":472,"column":62}},"172":{"start":{"line":473,"column":22},"end":{"line":473,"column":52}},"173":{"start":{"line":475,"column":21},"end":{"line":475,"column":59}},"174":{"start":{"line":476,"column":8},"end":{"line":494,"column":9}},"175":{"start":{"line":477,"column":28},"end":{"line":477,"column":51}},"176":{"start":{"line":478,"column":29},"end":{"line":478,"column":87}},"177":{"start":{"line":479,"column":10},"end":{"line":493,"column":11}},"178":{"start":{"line":481,"column":25},"end":{"line":481,"column":39}},"179":{"start":{"line":482,"column":12},"end":{"line":491,"column":13}},"180":{"start":{"line":483,"column":14},"end":{"line":488,"column":45}},"181":{"start":{"line":483,"column":43},"end":{"line":483,"column":69}},"182":{"start":{"line":484,"column":19},"end":{"line":488,"column":45}},"183":{"start":{"line":484,"column":74},"end":{"line":484,"column":96}},"184":{"start":{"line":485,"column":19},"end":{"line":488,"column":45}},"185":{"start":{"line":485,"column":72},"end":{"line":485,"column":90}},"186":{"start":{"line":486,"column":19},"end":{"line":488,"column":45}},"187":{"start":{"line":486,"column":70},"end":{"line":486,"column":89}},"188":{"start":{"line":487,"column":19},"end":{"line":488,"column":45}},"189":{"start":{"line":487,"column":72},"end":{"line":487,"column":91}},"190":{"start":{"line":488,"column":19},"end":{"line":488,"column":45}},"191":{"start":{"line":490,"column":14},"end":{"line":490,"column":33}},"192":{"start":{"line":492,"column":12},"end":{"line":492,"column":53}},"193":{"start":{"line":495,"column":8},"end":{"line":495,"column":24}},"194":{"start":{"line":497,"column":8},"end":{"line":497,"column":93}},"195":{"start":{"line":498,"column":8},"end":{"line":503,"column":10}},"196":{"start":{"line":507,"column":8},"end":{"line":507,"column":65}},"197":{"start":{"line":510,"column":19},"end":{"line":510,"column":45}},"198":{"start":{"line":511,"column":4},"end":{"line":511,"column":58}},"199":{"start":{"line":512,"column":4},"end":{"line":512,"column":69}},"200":{"start":{"line":516,"column":18},"end":{"line":516,"column":44}},"201":{"start":{"line":517,"column":0},"end":{"line":517,"column":32}},"202":{"start":{"line":518,"column":0},"end":{"line":518,"column":74}}},"fnMap":{"0":{"name":"(anonymous_0)","decl":{"start":{"line":185,"column":49},"end":{"line":185,"column":54}},"loc":{"start":{"line":185,"column":60},"end":{"line":188,"column":1}}},"1":{"name":"(anonymous_1)","decl":{"start":{"line":191,"column":48},"end":{"line":191,"column":53}},"loc":{"start":{"line":191,"column":83},"end":{"line":514,"column":1}}},"2":{"name":"(anonymous_2)","decl":{"start":{"line":328,"column":24},"end":{"line":328,"column":25}},"loc":{"start":{"line":328,"column":52},"end":{"line":333,"column":9}}},"3":{"name":"(anonymous_3)","decl":{"start":{"line":355,"column":48},"end":{"line":355,"column":49}},"loc":{"start":{"line":355,"column":61},"end":{"line":355,"column":77}}}},"branchMap":{"0":{"loc":{"start":{"line":193,"column":16},"end":{"line":193,"column":42}},"type":"binary-expr","locations":[{"start":{"line":193,"column":16},"end":{"line":193,"column":36}},{"start":{"line":193,"column":40},"end":{"line":193,"column":42}}]},"1":{"loc":{"start":{"line":198,"column":4},"end":{"line":508,"column":5}},"type":"switch","locations":[{"start":{"line":199,"column":6},"end":{"line":229,"column":7}},{"start":{"line":231,"column":6},"end":{"line":301,"column":7}},{"start":{"line":303,"column":6},"end":{"line":339,"column":7}},{"start":{"line":341,"column":6},"end":{"line":368,"column":7}},{"start":{"line":370,"column":6},"end":{"line":390,"column":7}},{"start":{"line":392,"column":6},"end":{"line":425,"column":7}},{"start":{"line":427,"column":6},"end":{"line":458,"column":7}},{"start":{"line":460,"column":6},"end":{"line":504,"column":7}},{"start":{"line":506,"column":6},"end":{"line":507,"column":65}}]},"2":{"loc":{"start":{"line":202,"column":26},"end":{"line":202,"column":48}},"type":"binary-expr","locations":[{"start":{"line":202,"column":26},"end":{"line":202,"column":34}},{"start":{"line":202,"column":38},"end":{"line":202,"column":42}},{"start":{"line":202,"column":46},"end":{"line":202,"column":48}}]},"3":{"loc":{"start":{"line":203,"column":27},"end":{"line":203,"column":51}},"type":"binary-expr","locations":[{"start":{"line":203,"column":27},"end":{"line":203,"column":36}},{"start":{"line":203,"column":40},"end":{"line":203,"column":51}}]},"4":{"loc":{"start":{"line":205,"column":8},"end":{"line":209,"column":9}},"type":"if","locations":[{"start":{"line":205,"column":8},"end":{"line":209,"column":9}}]},"5":{"loc":{"start":{"line":208,"column":24},"end":{"line":208,"column":34}},"type":"binary-expr","locations":[{"start":{"line":208,"column":24},"end":{"line":208,"column":28}},{"start":{"line":208,"column":32},"end":{"line":208,"column":34}}]},"6":{"loc":{"start":{"line":210,"column":8},"end":{"line":210,"column":71}},"type":"if","locations":[{"start":{"line":210,"column":8},"end":{"line":210,"column":71}}]},"7":{"loc":{"start":{"line":214,"column":8},"end":{"line":216,"column":9}},"type":"if","locations":[{"start":{"line":214,"column":8},"end":{"line":216,"column":9}}]},"8":{"loc":{"start":{"line":218,"column":25},"end":{"line":218,"column":44}},"type":"binary-expr","locations":[{"start":{"line":218,"column":25},"end":{"line":218,"column":38}},{"start":{"line":218,"column":42},"end":{"line":218,"column":44}}]},"9":{"loc":{"start":{"line":219,"column":8},"end":{"line":221,"column":9}},"type":"if","locations":[{"start":{"line":219,"column":8},"end":{"line":221,"column":9}}]},"10":{"loc":{"start":{"line":223,"column":30},"end":{"line":223,"column":74}},"type":"binary-expr","locations":[{"start":{"line":223,"column":30},"end":{"line":223,"column":54}},{"start":{"line":223,"column":58},"end":{"line":223,"column":74}}]},"11":{"loc":{"start":{"line":233,"column":30},"end":{"line":233,"column":44}},"type":"binary-expr","locations":[{"start":{"line":233,"column":30},"end":{"line":233,"column":38}},{"start":{"line":233,"column":42},"end":{"line":233,"column":44}}]},"12":{"loc":{"start":{"line":234,"column":29},"end":{"line":234,"column":51}},"type":"binary-expr","locations":[{"start":{"line":234,"column":29},"end":{"line":234,"column":37}},{"start":{"line":234,"column":41},"end":{"line":234,"column":45}},{"start":{"line":234,"column":49},"end":{"line":234,"column":51}}]},"13":{"loc":{"start":{"line":235,"column":8},"end":{"line":237,"column":9}},"type":"if","locations":[{"start":{"line":235,"column":8},"end":{"line":237,"column":9}}]},"14":{"loc":{"start":{"line":235,"column":12},"end":{"line":235,"column":43}},"type":"binary-expr","locations":[{"start":{"line":235,"column":12},"end":{"line":235,"column":26}},{"start":{"line":235,"column":30},"end":{"line":235,"column":43}}]},"15":{"loc":{"start":{"line":241,"column":8},"end":{"line":245,"column":9}},"type":"if","locations":[{"start":{"line":241,"column":8},"end":{"line":245,"column":9}}]},"16":{"loc":{"start":{"line":244,"column":25},"end":{"line":244,"column":32}},"type":"binary-expr","locations":[{"start":{"line":244,"column":25},"end":{"line":244,"column":26}},{"start":{"line":244,"column":30},"end":{"line":244,"column":32}}]},"17":{"loc":{"start":{"line":246,"column":8},"end":{"line":248,"column":9}},"type":"if","locations":[{"start":{"line":246,"column":8},"end":{"line":248,"column":9}}]},"18":{"loc":{"start":{"line":252,"column":8},"end":{"line":254,"column":9}},"type":"if","locations":[{"start":{"line":252,"column":8},"end":{"line":254,"column":9}}]},"19":{"loc":{"start":{"line":260,"column":8},"end":{"line":268,"column":9}},"type":"if","locations":[{"start":{"line":260,"column":8},"end":{"line":268,"column":9}}]},"20":{"loc":{"start":{"line":263,"column":10},"end":{"line":267,"column":11}},"type":"if","locations":[{"start":{"line":263,"column":10},"end":{"line":267,"column":11}}]},"21":{"loc":{"start":{"line":263,"column":14},"end":{"line":263,"column":48}},"type":"binary-expr","locations":[{"start":{"line":263,"column":14},"end":{"line":263,"column":30}},{"start":{"line":263,"column":34},"end":{"line":263,"column":48}}]},"22":{"loc":{"start":{"line":270,"column":8},"end":{"line":283,"column":9}},"type":"if","locations":[{"start":{"line":270,"column":8},"end":{"line":283,"column":9}}]},"23":{"loc":{"start":{"line":277,"column":12},"end":{"line":280,"column":13}},"type":"if","locations":[{"start":{"line":277,"column":12},"end":{"line":280,"column":13}}]},"24":{"loc":{"start":{"line":285,"column":8},"end":{"line":289,"column":9}},"type":"if","locations":[{"start":{"line":285,"column":8},"end":{"line":289,"column":9}}]},"25":{"loc":{"start":{"line":292,"column":8},"end":{"line":296,"column":9}},"type":"if","locations":[{"start":{"line":292,"column":8},"end":{"line":296,"column":9}},{"start":{"line":294,"column":15},"end":{"line":296,"column":9}}]},"26":{"loc":{"start":{"line":305,"column":26},"end":{"line":305,"column":48}},"type":"binary-expr","locations":[{"start":{"line":305,"column":26},"end":{"line":305,"column":31}},{"start":{"line":305,"column":35},"end":{"line":305,"column":42}},{"start":{"line":305,"column":46},"end":{"line":305,"column":48}}]},"27":{"loc":{"start":{"line":306,"column":8},"end":{"line":308,"column":9}},"type":"if","locations":[{"start":{"line":306,"column":8},"end":{"line":308,"column":9}}]},"28":{"loc":{"start":{"line":309,"column":31},"end":{"line":309,"column":45}},"type":"binary-expr","locations":[{"start":{"line":309,"column":31},"end":{"line":309,"column":39}},{"start":{"line":309,"column":43},"end":{"line":309,"column":45}}]},"29":{"loc":{"start":{"line":313,"column":8},"end":{"line":315,"column":9}},"type":"if","locations":[{"start":{"line":313,"column":8},"end":{"line":315,"column":9}}]},"30":{"loc":{"start":{"line":317,"column":8},"end":{"line":319,"column":9}},"type":"if","locations":[{"start":{"line":317,"column":8},"end":{"line":319,"column":9}}]},"31":{"loc":{"start":{"line":321,"column":24},"end":{"line":321,"column":48}},"type":"binary-expr","locations":[{"start":{"line":321,"column":24},"end":{"line":321,"column":42}},{"start":{"line":321,"column":46},"end":{"line":321,"column":48}}]},"32":{"loc":{"start":{"line":322,"column":8},"end":{"line":326,"column":9}},"type":"if","locations":[{"start":{"line":322,"column":8},"end":{"line":326,"column":9}}]},"33":{"loc":{"start":{"line":331,"column":30},"end":{"line":331,"column":51}},"type":"binary-expr","locations":[{"start":{"line":331,"column":30},"end":{"line":331,"column":45}},{"start":{"line":331,"column":49},"end":{"line":331,"column":51}}]},"34":{"loc":{"start":{"line":343,"column":8},"end":{"line":345,"column":9}},"type":"if","locations":[{"start":{"line":343,"column":8},"end":{"line":345,"column":9}}]},"35":{"loc":{"start":{"line":343,"column":12},"end":{"line":343,"column":35}},"type":"binary-expr","locations":[{"start":{"line":343,"column":12},"end":{"line":343,"column":21}},{"start":{"line":343,"column":25},"end":{"line":343,"column":35}}]},"36":{"loc":{"start":{"line":349,"column":8},"end":{"line":351,"column":9}},"type":"if","locations":[{"start":{"line":349,"column":8},"end":{"line":351,"column":9}}]},"37":{"loc":{"start":{"line":354,"column":28},"end":{"line":354,"column":51}},"type":"binary-expr","locations":[{"start":{"line":354,"column":28},"end":{"line":354,"column":45}},{"start":{"line":354,"column":49},"end":{"line":354,"column":51}}]},"38":{"loc":{"start":{"line":355,"column":61},"end":{"line":355,"column":77}},"type":"binary-expr","locations":[{"start":{"line":355,"column":61},"end":{"line":355,"column":68}},{"start":{"line":355,"column":72},"end":{"line":355,"column":77}}]},"39":{"loc":{"start":{"line":357,"column":8},"end":{"line":359,"column":9}},"type":"if","locations":[{"start":{"line":357,"column":8},"end":{"line":359,"column":9}}]},"40":{"loc":{"start":{"line":372,"column":8},"end":{"line":374,"column":9}},"type":"if","locations":[{"start":{"line":372,"column":8},"end":{"line":374,"column":9}}]},"41":{"loc":{"start":{"line":372,"column":12},"end":{"line":372,"column":35}},"type":"binary-expr","locations":[{"start":{"line":372,"column":12},"end":{"line":372,"column":21}},{"start":{"line":372,"column":25},"end":{"line":372,"column":35}}]},"42":{"loc":{"start":{"line":378,"column":8},"end":{"line":380,"column":9}},"type":"if","locations":[{"start":{"line":378,"column":8},"end":{"line":380,"column":9}}]},"43":{"loc":{"start":{"line":394,"column":8},"end":{"line":396,"column":9}},"type":"if","locations":[{"start":{"line":394,"column":8},"end":{"line":396,"column":9}}]},"44":{"loc":{"start":{"line":394,"column":12},"end":{"line":394,"column":48}},"type":"binary-expr","locations":[{"start":{"line":394,"column":12},"end":{"line":394,"column":21}},{"start":{"line":394,"column":25},"end":{"line":394,"column":35}},{"start":{"line":394,"column":39},"end":{"line":394,"column":48}}]},"45":{"loc":{"start":{"line":400,"column":8},"end":{"line":402,"column":9}},"type":"if","locations":[{"start":{"line":400,"column":8},"end":{"line":402,"column":9}}]},"46":{"loc":{"start":{"line":406,"column":22},"end":{"line":406,"column":60}},"type":"binary-expr","locations":[{"start":{"line":406,"column":22},"end":{"line":406,"column":54}},{"start":{"line":406,"column":58},"end":{"line":406,"column":60}}]},"47":{"loc":{"start":{"line":412,"column":18},"end":{"line":412,"column":45}},"type":"binary-expr","locations":[{"start":{"line":412,"column":18},"end":{"line":412,"column":32}},{"start":{"line":412,"column":36},"end":{"line":412,"column":45}}]},"48":{"loc":{"start":{"line":413,"column":25},"end":{"line":413,"column":52}},"type":"binary-expr","locations":[{"start":{"line":413,"column":25},"end":{"line":413,"column":46}},{"start":{"line":413,"column":50},"end":{"line":413,"column":52}}]},"49":{"loc":{"start":{"line":429,"column":8},"end":{"line":431,"column":9}},"type":"if","locations":[{"start":{"line":429,"column":8},"end":{"line":431,"column":9}}]},"50":{"loc":{"start":{"line":429,"column":12},"end":{"line":429,"column":46}},"type":"binary-expr","locations":[{"start":{"line":429,"column":12},"end":{"line":429,"column":22}},{"start":{"line":429,"column":26},"end":{"line":429,"column":33}},{"start":{"line":429,"column":37},"end":{"line":429,"column":46}}]},"51":{"loc":{"start":{"line":435,"column":8},"end":{"line":437,"column":9}},"type":"if","locations":[{"start":{"line":435,"column":8},"end":{"line":437,"column":9}}]},"52":{"loc":{"start":{"line":440,"column":25},"end":{"line":440,"column":50}},"type":"binary-expr","locations":[{"start":{"line":440,"column":25},"end":{"line":440,"column":44}},{"start":{"line":440,"column":48},"end":{"line":440,"column":50}}]},"53":{"loc":{"start":{"line":441,"column":21},"end":{"line":441,"column":42}},"type":"binary-expr","locations":[{"start":{"line":441,"column":21},"end":{"line":441,"column":36}},{"start":{"line":441,"column":40},"end":{"line":441,"column":42}}]},"54":{"loc":{"start":{"line":442,"column":23},"end":{"line":442,"column":40}},"type":"binary-expr","locations":[{"start":{"line":442,"column":23},"end":{"line":442,"column":34}},{"start":{"line":442,"column":38},"end":{"line":442,"column":40}}]},"55":{"loc":{"start":{"line":443,"column":24},"end":{"line":443,"column":42}},"type":"binary-expr","locations":[{"start":{"line":443,"column":24},"end":{"line":443,"column":36}},{"start":{"line":443,"column":40},"end":{"line":443,"column":42}}]},"56":{"loc":{"start":{"line":444,"column":29},"end":{"line":444,"column":52}},"type":"binary-expr","locations":[{"start":{"line":444,"column":29},"end":{"line":444,"column":46}},{"start":{"line":444,"column":50},"end":{"line":444,"column":52}}]},"57":{"loc":{"start":{"line":462,"column":8},"end":{"line":464,"column":9}},"type":"if","locations":[{"start":{"line":462,"column":8},"end":{"line":464,"column":9}}]},"58":{"loc":{"start":{"line":462,"column":12},"end":{"line":462,"column":48}},"type":"binary-expr","locations":[{"start":{"line":462,"column":12},"end":{"line":462,"column":21}},{"start":{"line":462,"column":25},"end":{"line":462,"column":35}},{"start":{"line":462,"column":39},"end":{"line":462,"column":48}}]},"59":{"loc":{"start":{"line":468,"column":8},"end":{"line":470,"column":9}},"type":"if","locations":[{"start":{"line":468,"column":8},"end":{"line":470,"column":9}}]},"60":{"loc":{"start":{"line":473,"column":22},"end":{"line":473,"column":52}},"type":"binary-expr","locations":[{"start":{"line":473,"column":22},"end":{"line":473,"column":46}},{"start":{"line":473,"column":50},"end":{"line":473,"column":52}}]},"61":{"loc":{"start":{"line":478,"column":29},"end":{"line":478,"column":87}},"type":"binary-expr","locations":[{"start":{"line":478,"column":29},"end":{"line":478,"column":56}},{"start":{"line":478,"column":60},"end":{"line":478,"column":87}}]},"62":{"loc":{"start":{"line":479,"column":10},"end":{"line":493,"column":11}},"type":"if","locations":[{"start":{"line":479,"column":10},"end":{"line":493,"column":11}}]},"63":{"loc":{"start":{"line":482,"column":12},"end":{"line":491,"column":13}},"type":"if","locations":[{"start":{"line":482,"column":12},"end":{"line":491,"column":13}},{"start":{"line":489,"column":19},"end":{"line":491,"column":13}}]},"64":{"loc":{"start":{"line":483,"column":14},"end":{"line":488,"column":45}},"type":"if","locations":[{"start":{"line":483,"column":14},"end":{"line":488,"column":45}},{"start":{"line":484,"column":19},"end":{"line":488,"column":45}}]},"65":{"loc":{"start":{"line":484,"column":19},"end":{"line":488,"column":45}},"type":"if","locations":[{"start":{"line":484,"column":19},"end":{"line":488,"column":45}},{"start":{"line":485,"column":19},"end":{"line":488,"column":45}}]},"66":{"loc":{"start":{"line":484,"column":23},"end":{"line":484,"column":72}},"type":"binary-expr","locations":[{"start":{"line":484,"column":23},"end":{"line":484,"column":44}},{"start":{"line":484,"column":48},"end":{"line":484,"column":72}}]},"67":{"loc":{"start":{"line":485,"column":19},"end":{"line":488,"column":45}},"type":"if","locations":[{"start":{"line":485,"column":19},"end":{"line":488,"column":45}},{"start":{"line":486,"column":19},"end":{"line":488,"column":45}}]},"68":{"loc":{"start":{"line":485,"column":23},"end":{"line":485,"column":70}},"type":"binary-expr","locations":[{"start":{"line":485,"column":23},"end":{"line":485,"column":46}},{"start":{"line":485,"column":50},"end":{"line":485,"column":70}}]},"69":{"loc":{"start":{"line":486,"column":19},"end":{"line":488,"column":45}},"type":"if","locations":[{"start":{"line":486,"column":19},"end":{"line":488,"column":45}},{"start":{"line":487,"column":19},"end":{"line":488,"column":45}}]},"70":{"loc":{"start":{"line":486,"column":23},"end":{"line":486,"column":68}},"type":"binary-expr","locations":[{"start":{"line":486,"column":23},"end":{"line":486,"column":44}},{"start":{"line":486,"column":48},"end":{"line":486,"column":68}}]},"71":{"loc":{"start":{"line":487,"column":19},"end":{"line":488,"column":45}},"type":"if","locations":[{"start":{"line":487,"column":19},"end":{"line":488,"column":45}},{"start":{"line":488,"column":19},"end":{"line":488,"column":45}}]},"72":{"loc":{"start":{"line":487,"column":23},"end":{"line":487,"column":70}},"type":"binary-expr","locations":[{"start":{"line":487,"column":23},"end":{"line":487,"column":43}},{"start":{"line":487,"column":47},"end":{"line":487,"column":70}}]},"73":{"loc":{"start":{"line":510,"column":19},"end":{"line":510,"column":45}},"type":"binary-expr","locations":[{"start":{"line":510,"column":19},"end":{"line":510,"column":30}},{"start":{"line":510,"column":34},"end":{"line":510,"column":45}}]}},"s":{"0":1,"1":1,"2":1,"3":1,"4":0,"5":0,"6":1,"7":0,"8":0,"9":0,"10":0,"11":0,"12":0,"13":0,"14":0,"15":0,"16":0,"17":0,"18":0,"19":0,"20":0,"21":0,"22":0,"23":0,"24":0,"25":0,"26":0,"27":0,"28":0,"29":0,"30":0,"31":0,"32":0,"33":0,"34":0,"35":0,"36":0,"37":0,"38":0,"39":0,"40":0,"41":0,"42":0,"43":0,"44":0,"45":0,"46":0,"47":0,"48":0,"49":0,"50":0,"51":0,"52":0,"53":0,"54":0,"55":0,"56":0,"57":0,"58":0,"59":0,"60":0,"61":0,"62":0,"63":0,"64":0,"65":0,"66":0,"67":0,"68":0,"69":0,"70":0,"71":0,"72":0,"73":0,"74":0,"75":0,"76":0,"77":0,"78":0,"79":0,"80":0,"81":0,"82":0,"83":0,"84":0,"85":0,"86":0,"87":0,"88":0,"89":0,"90":0,"91":0,"92":0,"93":0,"94":0,"95":0,"96":0,"97":0,"98":0,"99":0,"100":0,"101":0,"102":0,"103":0,"104":0,"105":0,"106":0,"107":0,"108":0,"109":0,"110":0,"111":0,"112":0,"113":0,"114":0,"115":0,"116":0,"117":0,"118":0,"119":0,"120":0,"121":0,"122":0,"123":0,"124":0,"125":0,"126":0,"127":0,"128":0,"129":0,"130":0,"131":0,"132":0,"133":0,"134":0,"135":0,"136":0,"137":0,"138":0,"139":0,"140":0,"141":0,"142":0,"143":0,"144":0,"145":0,"146":0,"147":0,"148":0,"149":0,"150":0,"151":0,"152":0,"153":0,"154":0,"155":0,"156":0,"157":0,"158":0,"159":0,"160":0,"161":0,"162":0,"163":0,"164":0,"165":0,"166":0,"167":0,"168":0,"169":0,"170":0,"171":0,"172":0,"173":0,"174":0,"175":0,"176":0,"177":0,"178":0,"179":0,"180":0,"181":0,"182":0,"183":0,"184":0,"185":0,"186":0,"187":0,"188":0,"189":0,"190":0,"191":0,"192":0,"193":0,"194":0,"195":0,"196":0,"197":0,"198":0,"199":0,"200":1,"201":1,"202":1},"f":{"0":0,"1":0,"2":0,"3":0},"b":{"0":[0,0],"1":[0,0,0,0,0,0,0,0,0],"2":[0,0,0],"3":[0,0],"4":[0],"5":[0,0],"6":[0],"7":[0],"8":[0,0],"9":[0],"10":[0,0],"11":[0,0],"12":[0,0,0],"13":[0],"14":[0,0],"15":[0],"16":[0,0],"17":[0],"18":[0],"19":[0],"20":[0],"21":[0,0],"22":[0],"23":[0],"24":[0],"25":[0,0],"26":[0,0,0],"27":[0],"28":[0,0],"29":[0],"30":[0],"31":[0,0],"32":[0],"33":[0,0],"34":[0],"35":[0,0],"36":[0],"37":[0,0],"38":[0,0],"39":[0],"40":[0],"41":[0,0],"42":[0],"43":[0],"44":[0,0,0],"45":[0],"46":[0,0],"47":[0,0],"48":[0,0],"49":[0],"50":[0,0,0],"51":[0],"52":[0,0],"53":[0,0],"54":[0,0],"55":[0,0],"56":[0,0],"57":[0],"58":[0,0,0],"59":[0],"60":[0,0],"61":[0,0],"62":[0],"63":[0,0],"64":[0,0],"65":[0,0],"66":[0,0],"67":[0,0],"68":[0,0],"69":[0,0],"70":[0,0],"71":[0,0],"72":[0,0],"73":[0,0]}}
,"/Users/thrashr888/Documents/GitHub/terraform-mcp-server/tests/global-mock.ts": {"path":"/Users/thrashr888/Documents/GitHub/terraform-mcp-server/tests/global-mock.ts","statementMap":{"0":{"start":{"line":5,"column":29},"end":{"line":5,"column":31}},"1":{"start":{"line":6,"column":66},"end":{"line":6,"column":68}},"2":{"start":{"line":12,"column":2},"end":{"line":12,"column":27}},"3":{"start":{"line":13,"column":2},"end":{"line":13,"column":24}},"4":{"start":{"line":20,"column":2},"end":{"line":20,"column":31}},"5":{"start":{"line":27,"column":2},"end":{"line":27,"column":32}},"6":{"start":{"line":34,"column":2},"end":{"line":34,"column":25}},"7":{"start":{"line":38,"column":0},"end":{"line":57,"column":2}},"8":{"start":{"line":39,"column":14},"end":{"line":39,"column":101}},"9":{"start":{"line":40,"column":2},"end":{"line":40,"column":42}},"10":{"start":{"line":42,"column":23},"end":{"line":42,"column":44}},"11":{"start":{"line":43,"column":2},"end":{"line":50,"column":3}},"12":{"start":{"line":44,"column":4},"end":{"line":49,"column":19}},"13":{"start":{"line":47,"column":18},"end":{"line":47,"column":37}},"14":{"start":{"line":48,"column":18},"end":{"line":48,"column":37}},"15":{"start":{"line":52,"column":2},"end":{"line":54,"column":3}},"16":{"start":{"line":53,"column":4},"end":{"line":53,"column":46}},"17":{"start":{"line":56,"column":2},"end":{"line":56,"column":51}},"18":{"start":{"line":60,"column":0},"end":{"line":60,"column":37}}},"fnMap":{"0":{"name":"resetFetchMocks","decl":{"start":{"line":11,"column":16},"end":{"line":11,"column":31}},"loc":{"start":{"line":11,"column":31},"end":{"line":14,"column":1}}},"1":{"name":"mockFetchResponse","decl":{"start":{"line":19,"column":16},"end":{"line":19,"column":33}},"loc":{"start":{"line":19,"column":61},"end":{"line":21,"column":1}}},"2":{"name":"mockFetchRejection","decl":{"start":{"line":26,"column":16},"end":{"line":26,"column":34}},"loc":{"start":{"line":26,"column":56},"end":{"line":28,"column":1}}},"3":{"name":"getFetchCalls","decl":{"start":{"line":33,"column":16},"end":{"line":33,"column":29}},"loc":{"start":{"line":33,"column":29},"end":{"line":35,"column":1}}},"4":{"name":"mockFetch","decl":{"start":{"line":38,"column":24},"end":{"line":38,"column":33}},"loc":{"start":{"line":38,"column":78},"end":{"line":57,"column":1}}},"5":{"name":"(anonymous_5)","decl":{"start":{"line":47,"column":12},"end":{"line":47,"column":15}},"loc":{"start":{"line":47,"column":18},"end":{"line":47,"column":37}}},"6":{"name":"(anonymous_6)","decl":{"start":{"line":48,"column":12},"end":{"line":48,"column":15}},"loc":{"start":{"line":48,"column":18},"end":{"line":48,"column":37}}},"7":{"name":"(anonymous_7)","decl":{"start":{"line":60,"column":23},"end":{"line":60,"column":35}},"loc":{"start":{"line":60,"column":23},"end":{"line":60,"column":36}}}},"branchMap":{"0":{"loc":{"start":{"line":39,"column":14},"end":{"line":39,"column":101}},"type":"cond-expr","locations":[{"start":{"line":39,"column":42},"end":{"line":39,"column":47}},{"start":{"line":39,"column":50},"end":{"line":39,"column":101}}]},"1":{"loc":{"start":{"line":39,"column":50},"end":{"line":39,"column":101}},"type":"cond-expr","locations":[{"start":{"line":39,"column":73},"end":{"line":39,"column":89}},{"start":{"line":39,"column":92},"end":{"line":39,"column":101}}]},"2":{"loc":{"start":{"line":43,"column":2},"end":{"line":50,"column":3}},"type":"if","locations":[{"start":{"line":43,"column":2},"end":{"line":50,"column":3}}]},"3":{"loc":{"start":{"line":52,"column":2},"end":{"line":54,"column":3}},"type":"if","locations":[{"start":{"line":52,"column":2},"end":{"line":54,"column":3}}]}},"s":{"0":8,"1":8,"2":39,"3":39,"4":48,"5":1,"6":9,"7":8,"8":13,"9":13,"10":13,"11":13,"12":0,"13":0,"14":0,"15":13,"16":1,"17":12,"18":8},"f":{"0":39,"1":48,"2":1,"3":9,"4":13,"5":0,"6":0,"7":0},"b":{"0":[13,0],"1":[0,0],"2":[0],"3":[1]}}
}
