TN:
SF:index.ts
FN:185,(anonymous_0)
FN:191,(anonymous_1)
FN:328,(anonymous_2)
FN:355,(anonymous_3)
FNF:4
FNH:0
FNDA:0,(anonymous_0)
FNDA:0,(anonymous_1)
FNDA:0,(anonymous_2)
FNDA:0,(anonymous_3)
DA:75,1
DA:77,1
DA:179,1
DA:185,1
DA:186,0
DA:187,0
DA:191,1
DA:192,0
DA:193,0
DA:195,0
DA:197,0
DA:198,0
DA:201,0
DA:202,0
DA:203,0
DA:205,0
DA:206,0
DA:207,0
DA:208,0
DA:210,0
DA:212,0
DA:213,0
DA:214,0
DA:215,0
DA:217,0
DA:218,0
DA:219,0
DA:220,0
DA:222,0
DA:223,0
DA:224,0
DA:225,0
DA:227,0
DA:228,0
DA:232,0
DA:233,0
DA:234,0
DA:235,0
DA:236,0
DA:239,0
DA:240,0
DA:241,0
DA:242,0
DA:243,0
DA:244,0
DA:246,0
DA:247,0
DA:250,0
DA:251,0
DA:252,0
DA:253,0
DA:255,0
DA:257,0
DA:258,0
DA:259,0
DA:260,0
DA:261,0
DA:262,0
DA:263,0
DA:264,0
DA:265,0
DA:266,0
DA:270,0
DA:271,0
DA:272,0
DA:274,0
DA:275,0
DA:276,0
DA:277,0
DA:278,0
DA:279,0
DA:282,0
DA:285,0
DA:286,0
DA:287,0
DA:288,0
DA:291,0
DA:292,0
DA:293,0
DA:295,0
DA:297,0
DA:300,0
DA:304,0
DA:305,0
DA:306,0
DA:307,0
DA:309,0
DA:310,0
DA:313,0
DA:314,0
DA:316,0
DA:317,0
DA:318,0
DA:320,0
DA:321,0
DA:322,0
DA:323,0
DA:324,0
DA:325,0
DA:327,0
DA:328,0
DA:329,0
DA:330,0
DA:331,0
DA:332,0
DA:334,0
DA:335,0
DA:338,0
DA:342,0
DA:343,0
DA:344,0
DA:347,0
DA:348,0
DA:349,0
DA:350,0
DA:353,0
DA:354,0
DA:355,0
DA:357,0
DA:358,0
DA:361,0
DA:362,0
DA:371,0
DA:372,0
DA:373,0
DA:376,0
DA:377,0
DA:378,0
DA:379,0
DA:382,0
DA:383,0
DA:384,0
DA:393,0
DA:394,0
DA:395,0
DA:398,0
DA:399,0
DA:400,0
DA:401,0
DA:404,0
DA:405,0
DA:406,0
DA:408,0
DA:409,0
DA:410,0
DA:418,0
DA:419,0
DA:428,0
DA:429,0
DA:430,0
DA:433,0
DA:434,0
DA:435,0
DA:436,0
DA:439,0
DA:440,0
DA:441,0
DA:442,0
DA:443,0
DA:444,0
DA:446,0
DA:447,0
DA:461,0
DA:462,0
DA:463,0
DA:466,0
DA:467,0
DA:468,0
DA:469,0
DA:472,0
DA:473,0
DA:475,0
DA:476,0
DA:477,0
DA:478,0
DA:479,0
DA:481,0
DA:482,0
DA:483,0
DA:484,0
DA:485,0
DA:486,0
DA:487,0
DA:488,0
DA:490,0
DA:492,0
DA:495,0
DA:497,0
DA:498,0
DA:507,0
DA:510,0
DA:511,0
DA:512,0
DA:516,1
DA:517,1
DA:518,1
LF:196
LH:8
BRDA:193,0,0,0
BRDA:193,0,1,0
BRDA:198,1,0,0
BRDA:198,1,1,0
BRDA:198,1,2,0
BRDA:198,1,3,0
BRDA:198,1,4,0
BRDA:198,1,5,0
BRDA:198,1,6,0
BRDA:198,1,7,0
BRDA:198,1,8,0
BRDA:202,2,0,0
BRDA:202,2,1,0
BRDA:202,2,2,0
BRDA:203,3,0,0
BRDA:203,3,1,0
BRDA:205,4,0,0
BRDA:208,5,0,0
BRDA:208,5,1,0
BRDA:210,6,0,0
BRDA:214,7,0,0
BRDA:218,8,0,0
BRDA:218,8,1,0
BRDA:219,9,0,0
BRDA:223,10,0,0
BRDA:223,10,1,0
BRDA:233,11,0,0
BRDA:233,11,1,0
BRDA:234,12,0,0
BRDA:234,12,1,0
BRDA:234,12,2,0
BRDA:235,13,0,0
BRDA:235,14,0,0
BRDA:235,14,1,0
BRDA:241,15,0,0
BRDA:244,16,0,0
BRDA:244,16,1,0
BRDA:246,17,0,0
BRDA:252,18,0,0
BRDA:260,19,0,0
BRDA:263,20,0,0
BRDA:263,21,0,0
BRDA:263,21,1,0
BRDA:270,22,0,0
BRDA:277,23,0,0
BRDA:285,24,0,0
BRDA:292,25,0,0
BRDA:292,25,1,0
BRDA:305,26,0,0
BRDA:305,26,1,0
BRDA:305,26,2,0
BRDA:306,27,0,0
BRDA:309,28,0,0
BRDA:309,28,1,0
BRDA:313,29,0,0
BRDA:317,30,0,0
BRDA:321,31,0,0
BRDA:321,31,1,0
BRDA:322,32,0,0
BRDA:331,33,0,0
BRDA:331,33,1,0
BRDA:343,34,0,0
BRDA:343,35,0,0
BRDA:343,35,1,0
BRDA:349,36,0,0
BRDA:354,37,0,0
BRDA:354,37,1,0
BRDA:355,38,0,0
BRDA:355,38,1,0
BRDA:357,39,0,0
BRDA:372,40,0,0
BRDA:372,41,0,0
BRDA:372,41,1,0
BRDA:378,42,0,0
BRDA:394,43,0,0
BRDA:394,44,0,0
BRDA:394,44,1,0
BRDA:394,44,2,0
BRDA:400,45,0,0
BRDA:406,46,0,0
BRDA:406,46,1,0
BRDA:412,47,0,0
BRDA:412,47,1,0
BRDA:413,48,0,0
BRDA:413,48,1,0
BRDA:429,49,0,0
BRDA:429,50,0,0
BRDA:429,50,1,0
BRDA:429,50,2,0
BRDA:435,51,0,0
BRDA:440,52,0,0
BRDA:440,52,1,0
BRDA:441,53,0,0
BRDA:441,53,1,0
BRDA:442,54,0,0
BRDA:442,54,1,0
BRDA:443,55,0,0
BRDA:443,55,1,0
BRDA:444,56,0,0
BRDA:444,56,1,0
BRDA:462,57,0,0
BRDA:462,58,0,0
BRDA:462,58,1,0
BRDA:462,58,2,0
BRDA:468,59,0,0
BRDA:473,60,0,0
BRDA:473,60,1,0
BRDA:478,61,0,0
BRDA:478,61,1,0
BRDA:479,62,0,0
BRDA:482,63,0,0
BRDA:482,63,1,0
BRDA:483,64,0,0
BRDA:483,64,1,0
BRDA:484,65,0,0
BRDA:484,65,1,0
BRDA:484,66,0,0
BRDA:484,66,1,0
BRDA:485,67,0,0
BRDA:485,67,1,0
BRDA:485,68,0,0
BRDA:485,68,1,0
BRDA:486,69,0,0
BRDA:486,69,1,0
BRDA:486,70,0,0
BRDA:486,70,1,0
BRDA:487,71,0,0
BRDA:487,71,1,0
BRDA:487,72,0,0
BRDA:487,72,1,0
BRDA:510,73,0,0
BRDA:510,73,1,0
BRF:132
BRH:0
end_of_record
TN:
SF:tests/global-mock.ts
FN:11,resetFetchMocks
FN:19,mockFetchResponse
FN:26,mockFetchRejection
FN:33,getFetchCalls
FN:38,mockFetch
FN:47,(anonymous_5)
FN:48,(anonymous_6)
FN:60,(anonymous_7)
FNF:8
FNH:5
FNDA:39,resetFetchMocks
FNDA:48,mockFetchResponse
FNDA:1,mockFetchRejection
FNDA:9,getFetchCalls
FNDA:13,mockFetch
FNDA:0,(anonymous_5)
FNDA:0,(anonymous_6)
FNDA:0,(anonymous_7)
DA:5,8
DA:6,8
DA:12,39
DA:13,39
DA:20,48
DA:27,1
DA:34,9
DA:38,8
DA:39,13
DA:40,13
DA:42,13
DA:43,13
DA:44,0
DA:47,0
DA:48,0
DA:52,13
DA:53,1
DA:56,12
DA:60,8
LF:19
LH:16
BRDA:39,0,0,13
BRDA:39,0,1,0
BRDA:39,1,0,0
BRDA:39,1,1,0
BRDA:43,2,0,0
BRDA:52,3,0,1
BRF:6
BRH:2
end_of_record
